{
  "RSpec": {
    "coverage": {
      "/Users/szilvi/Projects/bookmark_manager/spec/bookmarks_spec.rb": [
        1,
        null,
        1,
        null,
        1,
        1,
        1,
        null,
        1,
        1,
        1,
        null,
        null,
        null,
        null,
        null
      ],
      "/Users/szilvi/Projects/bookmark_manager/spec/features/app_spec.rb": [
        1,
        1,
        1,
        1,
        null,
        null,
        null,
        1,
        1,
        1,
        1,
        1,
        null,
        null
      ]
    },
    "timestamp": 1548771100
  }
}
